<?xml version="1.0" encoding="UTF-8"?>
<!-- Generated by org.testng.reporters.JUnitReportReporter -->
<testsuite hostname="LAPTOP-4CFEINIF" name="HealthRecoverySolutionsTestCases.HealthRecoverySolutions_API" tests="3" failures="0" timestamp="21 Nov 2021 08:43:35 GMT" time="2.095" errors="0">
  <testcase name="postapiTest" time="0.884" classname="HealthRecoverySolutionsTestCases.HealthRecoverySolutions_API"/>
  <testcase name="putapiTest" time="0.160" classname="HealthRecoverySolutionsTestCases.HealthRecoverySolutions_API"/>
  <testcase name="getapiTest" time="1.051" classname="HealthRecoverySolutionsTestCases.HealthRecoverySolutions_API"/>
</testsuite> <!-- HealthRecoverySolutionsTestCases.HealthRecoverySolutions_API -->
