<?xml version="1.0" encoding="UTF-8"?>
<!-- Generated by org.testng.reporters.JUnitReportReporter -->
<testsuite hostname="LAPTOP-4CFEINIF" name="HealthRecoverySolutionsTestCases.HealthRecoverySolutionsLoginTest" tests="4" failures="0" timestamp="21 Nov 2021 08:43:35 GMT" time="45.675" errors="0">
  <testcase name="verifyForgetPwdButton" time="13.292" classname="HealthRecoverySolutionsTestCases.HealthRecoverySolutionsLoginTest"/>
  <testcase name="verifyEmptyCredentials" time="11.062" classname="HealthRecoverySolutionsTestCases.HealthRecoverySolutionsLoginTest"/>
  <testcase name="loginPageTitleTest" time="10.193" classname="HealthRecoverySolutionsTestCases.HealthRecoverySolutionsLoginTest"/>
  <testcase name="verifyloginButtonTest" time="11.128" classname="HealthRecoverySolutionsTestCases.HealthRecoverySolutionsLoginTest"/>
</testsuite> <!-- HealthRecoverySolutionsTestCases.HealthRecoverySolutionsLoginTest -->
